[debug] [2021-02-05T22:16:42.289Z] ----------------------------------------------------------------------
[debug] [2021-02-05T22:16:42.291Z] Command:       C:\Program Files\nodejs\node.exe C:\Users\Wilfred\AppData\Roaming\npm\node_modules\firebase-tools\lib\bin\firebase.js init
[debug] [2021-02-05T22:16:42.291Z] CLI Version:   9.3.0
[debug] [2021-02-05T22:16:42.292Z] Platform:      win32
[debug] [2021-02-05T22:16:42.292Z] Node Version:  v14.15.1
[debug] [2021-02-05T22:16:42.293Z] Time:          Sat Feb 06 2021 06:16:42 GMT+0800 (Philippine Standard Time)
[debug] [2021-02-05T22:16:42.293Z] ----------------------------------------------------------------------
[debug] [2021-02-05T22:16:42.293Z] 
[debug] [2021-02-05T22:16:42.298Z] > command requires scopes: ["email","openid","https://www.googleapis.com/auth/cloudplatformprojects.readonly","https://www.googleapis.com/auth/firebase","https://www.googleapis.com/auth/cloud-platform"]
[debug] [2021-02-05T22:16:42.299Z] > authorizing via signed-in user
[info] 
     ######## #### ########  ######## ########     ###     ######  ########
     ##        ##  ##     ## ##       ##     ##  ##   ##  ##       ##
     ######    ##  ########  ######   ########  #########  ######  ######
     ##        ##  ##    ##  ##       ##     ## ##     ##       ## ##
     ##       #### ##     ## ######## ########  ##     ##  ######  ########

You're about to initialize a Firebase project in this directory:

  C:\Users\Wilfred\Documents\GitHub\angularFirebaseApp\angularfrontend

Before we get started, keep in mind:

  * You are initializing in an existing Firebase project directory

